<?xml version="1.0" encoding="UTF-8"?>
<testng-results ignored="0" total="1" passed="1" failed="0" skipped="0">
  <reporter-output>
  </reporter-output>
  <suite started-at="2023-01-23T09:53:21 IST" name="Default suite" finished-at="2023-01-23T09:55:40 IST" duration-ms="139118">
    <groups>
    </groups>
    <test started-at="2023-01-23T09:53:21 IST" name="Default test" finished-at="2023-01-23T09:55:40 IST" duration-ms="139118">
      <class name="Trello.Trello_Login">
        <test-method is-config="true" signature="Setup()[pri:0, instance:Trello.Trello_Login@13e344d]" started-at="2023-01-23T09:53:21 IST" name="Setup" finished-at="2023-01-23T09:53:49 IST" duration-ms="27747" status="PASS">
          <reporter-output>
          </reporter-output>
        </test-method> <!-- Setup -->
        <test-method signature="Trello_login()[pri:0, instance:Trello.Trello_Login@13e344d]" started-at="2023-01-23T09:53:49 IST" name="Trello_login" finished-at="2023-01-23T09:55:39 IST" duration-ms="110308" status="PASS">
          <reporter-output>
          </reporter-output>
        </test-method> <!-- Trello_login -->
        <test-method is-config="true" signature="TearDown()[pri:0, instance:Trello.Trello_Login@13e344d]" started-at="2023-01-23T09:55:39 IST" name="TearDown" finished-at="2023-01-23T09:55:40 IST" duration-ms="1013" status="PASS">
          <reporter-output>
          </reporter-output>
        </test-method> <!-- TearDown -->
      </class> <!-- Trello.Trello_Login -->
    </test> <!-- Default test -->
  </suite> <!-- Default suite -->
</testng-results>
